<?xml version="1.0" encoding="utf-8"?><testsuites name="pytest tests"><testsuite name="pytest" errors="0" failures="0" skipped="0" tests="10" time="4.902" timestamp="2026-02-20T08:10:41.089205+00:00" hostname="agent-env-fdaa5502-fbe3-42b7-a93d-7bfcb52c0a99"><testcase classname="tests.test_sprint13_api_integration.TestCalendarBestTimes" name="test_best_times_returns_top_slots" time="0.600" /><testcase classname="tests.test_sprint13_api_integration.TestCalendarBestTimes" name="test_best_times_confidence_levels" time="0.462" /><testcase classname="tests.test_sprint13_api_integration.TestCalendarAISchedule" name="test_get_ai_schedule_structure" time="0.462" /><testcase classname="tests.test_sprint13_api_integration.TestBrainActiveChallenges" name="test_active_challenges_returns_structure" time="0.472" /><testcase classname="tests.test_sprint13_api_integration.TestBrainActiveChallenges" name="test_active_challenges_have_days_remaining" time="0.446" /><testcase classname="tests.test_sprint13_api_integration.TestBrainActiveChallenges" name="test_active_challenges_sorted_by_urgency" time="0.462" /><testcase classname="tests.test_sprint13_api_integration.TestBrainScoresWithChallengeFields" name="test_brain_scores_include_challenge_fields" time="0.449" /><testcase classname="tests.test_sprint13_api_integration.TestAdminOverviewEndpoint" name="test_admin_overview_returns_cross_channel_stats" time="0.469" /><testcase classname="tests.test_sprint13_api_integration.TestAdminOverviewEndpoint" name="test_admin_overview_forbidden_for_client" time="0.463" /><testcase classname="tests.test_sprint13_api_integration.TestClientDashboardOverview" name="test_client_overview_returns_client_name" time="0.495" /></testsuite></testsuites>