<?xml version="1.0" encoding="utf-8"?><testsuites name="pytest tests"><testsuite name="pytest" errors="0" failures="0" skipped="0" tests="25" time="18.013" timestamp="2026-02-20T06:10:15.828607+00:00" hostname="agent-env-d28b5a16-7199-44aa-af78-c2903b37b2dc"><testcase classname="backend.tests.test_sprint9_analytics_trends.TestAuthentication" name="test_login_success" time="0.340" /><testcase classname="backend.tests.test_sprint9_analytics_trends.TestAnalyticsOverview" name="test_analytics_overview_returns_200" time="0.436" /><testcase classname="backend.tests.test_sprint9_analytics_trends.TestAnalyticsOverview" name="test_analytics_overview_has_real_data" time="0.104" /><testcase classname="backend.tests.test_sprint9_analytics_trends.TestAnalyticsOverview" name="test_analytics_overview_with_days_param" time="0.103" /><testcase classname="backend.tests.test_sprint9_analytics_trends.TestAnalyticsVideos" name="test_analytics_videos_returns_200" time="0.432" /><testcase classname="backend.tests.test_sprint9_analytics_trends.TestAnalyticsVideos" name="test_analytics_videos_returns_video_list" time="0.109" /><testcase classname="backend.tests.test_sprint9_analytics_trends.TestAnalyticsVideos" name="test_analytics_videos_sorting" time="0.108" /><testcase classname="backend.tests.test_sprint9_analytics_trends.TestAnalyticsSync" name="test_analytics_sync_endpoint_exists" time="0.617" /><testcase classname="backend.tests.test_sprint9_analytics_trends.TestAnalyticsSync" name="test_analytics_sync_response_structure" time="0.243" /><testcase classname="backend.tests.test_sprint9_analytics_trends.TestTrendsScan" name="test_trends_scan_starts" time="1.057" /><testcase classname="backend.tests.test_sprint9_analytics_trends.TestTrendsScanStatus" name="test_trends_status_returns_200" time="1.373" /><testcase classname="backend.tests.test_sprint9_analytics_trends.TestTrendsScanStatus" name="test_trends_status_has_status_field" time="0.107" /><testcase classname="backend.tests.test_sprint9_analytics_trends.TestTrendsRecommendations" name="test_recommendations_returns_200" time="0.829" /><testcase classname="backend.tests.test_sprint9_analytics_trends.TestTrendsRecommendations" name="test_recommendations_has_ai_content" time="0.115" /><testcase classname="backend.tests.test_sprint9_analytics_trends.TestTrendsCompetitors" name="test_competitors_returns_200" time="0.995" /><testcase classname="backend.tests.test_sprint9_analytics_trends.TestTrendsCompetitors" name="test_competitors_has_videos" time="0.103" /><testcase classname="backend.tests.test_sprint9_analytics_trends.TestTrendsTrending" name="test_trending_returns_200" time="0.797" /><testcase classname="backend.tests.test_sprint9_analytics_trends.TestTrendsTrending" name="test_trending_has_topics" time="0.119" /><testcase classname="backend.tests.test_sprint9_analytics_trends.TestSchedulerJobs" name="test_scheduler_jobs_registered" time="0.000" /><testcase classname="backend.tests.test_sprint9_analytics_trends.TestAnalyticsDashboard" name="test_dashboard_returns_200" time="0.850" /><testcase classname="backend.tests.test_sprint9_analytics_trends.TestAnalyticsDashboard" name="test_dashboard_uses_youtube_analytics" time="0.111" /><testcase classname="backend.tests.test_sprint9_analytics_trends.TestAnalyticsChartData" name="test_chart_data_returns_200" time="0.856" /><testcase classname="backend.tests.test_sprint9_analytics_trends.TestAnalyticsChartData" name="test_chart_data_has_data_points" time="0.131" /><testcase classname="backend.tests.test_sprint9_analytics_trends.TestAnalyticsTopPerformers" name="test_top_performers_returns_200" time="0.551" /><testcase classname="backend.tests.test_sprint9_analytics_trends.TestAnalyticsTopPerformers" name="test_top_performers_has_videos" time="7.419" /></testsuite></testsuites>