<?xml version="1.0" encoding="utf-8"?><testsuites name="pytest tests"><testsuite name="pytest" errors="0" failures="0" skipped="0" tests="9" time="32.989" timestamp="2026-02-19T03:12:52.725146+00:00" hostname="agent-env-02f8b953-27d0-4347-aba0-868439b6d8d8"><testcase classname="tests.test_strategy_idea_detail.TestStrategyIdeaDetailFlow" name="test_get_idea_by_id_success" time="0.638" /><testcase classname="tests.test_strategy_idea_detail.TestStrategyIdeaDetailFlow" name="test_get_idea_by_id_not_found" time="0.536" /><testcase classname="tests.test_strategy_idea_detail.TestStrategyIdeaDetailFlow" name="test_generate_script_for_idea_success" time="16.012" /><testcase classname="tests.test_strategy_idea_detail.TestStrategyIdeaDetailFlow" name="test_generate_script_for_idea_not_found" time="0.594" /><testcase classname="tests.test_strategy_idea_detail.TestStrategyIdeaDetailFlow" name="test_generate_script_uses_hinglish_style" time="12.433" /><testcase classname="tests.test_strategy_idea_detail.TestCreateSubmissionFromIdea" name="test_create_submission_from_idea" time="0.518" /><testcase classname="tests.test_strategy_idea_detail.TestCreateVideoTaskFromIdea" name="test_create_video_task_from_idea" time="1.351" /><testcase classname="tests.test_strategy_idea_detail.TestFvsIdeasListEndpoint" name="test_get_all_ideas" time="0.399" /><testcase classname="tests.test_strategy_idea_detail.TestFvsIdeasListEndpoint" name="test_get_ideas_filtered_by_status" time="0.380" /></testsuite></testsuites>