<?xml version="1.0" encoding="utf-8"?><testsuites name="pytest tests"><testsuite name="pytest" errors="0" failures="0" skipped="0" tests="9" time="5.068" timestamp="2026-02-20T10:15:53.290349+00:00" hostname="agent-env-a6c274ce-be95-4a49-9770-055e36baa718"><testcase classname="tests.test_sprint15_features.TestGlobalSearch" name="test_search_returns_grouped_results" time="0.622" /><testcase classname="tests.test_sprint15_features.TestGlobalSearch" name="test_search_submission_has_type_badge" time="0.501" /><testcase classname="tests.test_sprint15_features.TestGlobalSearch" name="test_search_with_empty_query_rejected" time="0.506" /><testcase classname="tests.test_sprint15_features.TestPipelineHealth" name="test_pipeline_health_returns_counts" time="0.506" /><testcase classname="tests.test_sprint15_features.TestPipelineScriptToSubmission" name="test_script_to_submission_flow" time="0.828" /><testcase classname="tests.test_sprint15_features.TestNotifications" name="test_get_unread_count" time="0.467" /><testcase classname="tests.test_sprint15_features.TestNotifications" name="test_mark_all_read" time="0.477" /><testcase classname="tests.test_sprint15_features.TestStorageService" name="test_storage_fallback_to_local" time="0.484" /><testcase classname="tests.test_sprint15_features.TestVideoLabPreload" name="test_submission_for_video_lab" time="0.566" /></testsuite></testsuites>