<?xml version="1.0" encoding="utf-8"?><testsuites name="pytest tests"><testsuite name="pytest" errors="0" failures="0" skipped="0" tests="25" time="3.033" timestamp="2026-02-18T05:27:30.884712+00:00" hostname="agent-env-68f7bef6-7c33-41ee-a02e-944f1c976650"><testcase classname="backend.tests.test_dashboard_pages.TestCalendarEndpoint" name="test_calendar_requires_auth" time="0.231" /><testcase classname="backend.tests.test_dashboard_pages.TestCalendarEndpoint" name="test_calendar_returns_current_month_by_default" time="0.344" /><testcase classname="backend.tests.test_dashboard_pages.TestCalendarEndpoint" name="test_calendar_with_specific_month" time="0.053" /><testcase classname="backend.tests.test_dashboard_pages.TestCalendarEndpoint" name="test_calendar_submissions_have_required_fields" time="0.056" /><testcase classname="backend.tests.test_dashboard_pages.TestCalendarEndpoint" name="test_calendar_scoped_to_client" time="0.392" /><testcase classname="backend.tests.test_dashboard_pages.TestDeliverablesEndpoint" name="test_deliverables_requires_auth" time="0.051" /><testcase classname="backend.tests.test_dashboard_pages.TestDeliverablesEndpoint" name="test_deliverables_returns_list" time="0.057" /><testcase classname="backend.tests.test_dashboard_pages.TestDeliverablesEndpoint" name="test_deliverables_have_required_fields" time="0.049" /><testcase classname="backend.tests.test_dashboard_pages.TestDeliverablesEndpoint" name="test_deliverables_scoped_to_client" time="0.102" /><testcase classname="backend.tests.test_dashboard_pages.TestAssetsLibraryEndpoint" name="test_assets_library_requires_auth" time="0.047" /><testcase classname="backend.tests.test_dashboard_pages.TestAssetsLibraryEndpoint" name="test_assets_library_returns_list" time="0.047" /><testcase classname="backend.tests.test_dashboard_pages.TestAssetsLibraryEndpoint" name="test_assets_have_required_fields" time="0.056" /><testcase classname="backend.tests.test_dashboard_pages.TestAssetStatusUpdate" name="test_asset_status_update_requires_auth" time="0.054" /><testcase classname="backend.tests.test_dashboard_pages.TestAssetStatusUpdate" name="test_asset_status_update_valid_status" time="0.152" /><testcase classname="backend.tests.test_dashboard_pages.TestAssetStatusUpdate" name="test_asset_status_update_invalid_status" time="0.096" /><testcase classname="backend.tests.test_dashboard_pages.TestAssetStatusUpdate" name="test_asset_status_update_nonexistent_asset" time="0.053" /><testcase classname="backend.tests.test_dashboard_pages.TestAssetSubmissionLink" name="test_asset_submission_link_requires_auth" time="0.049" /><testcase classname="backend.tests.test_dashboard_pages.TestAssetSubmissionLink" name="test_asset_can_be_linked_to_submission" time="0.207" /><testcase classname="backend.tests.test_dashboard_pages.TestAssetSubmissionLink" name="test_asset_can_be_unlinked" time="0.155" /><testcase classname="backend.tests.test_dashboard_pages.TestSubmissionUpdate" name="test_submission_update_requires_auth" time="0.079" /><testcase classname="backend.tests.test_dashboard_pages.TestSubmissionUpdate" name="test_submission_status_update" time="0.180" /><testcase classname="backend.tests.test_dashboard_pages.TestSubmissionUpdate" name="test_submission_release_date_update" time="0.143" /><testcase classname="backend.tests.test_dashboard_pages.TestSubmissionUpdate" name="test_submission_invalid_status" time="0.104" /><testcase classname="backend.tests.test_dashboard_pages.TestSubmissionsList" name="test_submissions_list_requires_auth" time="0.047" /><testcase classname="backend.tests.test_dashboard_pages.TestSubmissionsList" name="test_submissions_list_returns_minimal_data" time="0.048" /></testsuite></testsuites>