<?xml version="1.0" encoding="utf-8"?><testsuites name="pytest tests"><testsuite name="pytest" errors="0" failures="0" skipped="0" tests="9" time="29.753" timestamp="2026-02-19T01:25:51.818408+00:00" hostname="agent-env-02f8b953-27d0-4347-aba0-868439b6d8d8"><testcase classname="backend.tests.test_strategy_idea_detail.TestStrategyIdeaDetailFlow" name="test_get_idea_by_id_success" time="0.544" /><testcase classname="backend.tests.test_strategy_idea_detail.TestStrategyIdeaDetailFlow" name="test_get_idea_by_id_not_found" time="0.485" /><testcase classname="backend.tests.test_strategy_idea_detail.TestStrategyIdeaDetailFlow" name="test_generate_script_for_idea_success" time="13.947" /><testcase classname="backend.tests.test_strategy_idea_detail.TestStrategyIdeaDetailFlow" name="test_generate_script_for_idea_not_found" time="0.509" /><testcase classname="backend.tests.test_strategy_idea_detail.TestStrategyIdeaDetailFlow" name="test_generate_script_uses_hinglish_style" time="11.749" /><testcase classname="backend.tests.test_strategy_idea_detail.TestCreateSubmissionFromIdea" name="test_create_submission_from_idea" time="0.445" /><testcase classname="backend.tests.test_strategy_idea_detail.TestCreateVideoTaskFromIdea" name="test_create_video_task_from_idea" time="1.151" /><testcase classname="backend.tests.test_strategy_idea_detail.TestFvsIdeasListEndpoint" name="test_get_all_ideas" time="0.410" /><testcase classname="backend.tests.test_strategy_idea_detail.TestFvsIdeasListEndpoint" name="test_get_ideas_filtered_by_status" time="0.444" /></testsuite></testsuites>