<?xml version="1.0" encoding="utf-8"?><testsuites name="pytest tests"><testsuite name="pytest" errors="0" failures="1" skipped="0" tests="42" time="12.421" timestamp="2026-02-18T08:06:13.915832+00:00" hostname="agent-env-2aacd7c6-307f-44cc-9e6b-65c86daaaabb"><testcase classname="tests.test_refactored_api.TestAuthEndpoints" name="test_login_client_success" time="0.450" /><testcase classname="tests.test_refactored_api.TestAuthEndpoints" name="test_login_admin_success" time="0.355" /><testcase classname="tests.test_refactored_api.TestAuthEndpoints" name="test_login_invalid_credentials" time="0.340" /><testcase classname="tests.test_refactored_api.TestAuthEndpoints" name="test_me_endpoint_requires_auth" time="0.113" /><testcase classname="tests.test_refactored_api.TestAuthEndpoints" name="test_me_endpoint_with_auth" time="0.502" /><testcase classname="tests.test_refactored_api.TestDashboardEndpoints" name="test_dashboard_overview_requires_auth" time="0.111" /><testcase classname="tests.test_refactored_api.TestDashboardEndpoints" name="test_dashboard_overview_returns_data" time="0.435" /><testcase classname="tests.test_refactored_api.TestDashboardEndpoints" name="test_dashboard_stats_returns_data" time="0.447" /><testcase classname="tests.test_refactored_api.TestSubmissionsEndpoints" name="test_submissions_list_requires_auth" time="0.107" /><testcase classname="tests.test_refactored_api.TestSubmissionsEndpoints" name="test_submissions_list_returns_array" time="0.432" /><testcase classname="tests.test_refactored_api.TestSubmissionsEndpoints" name="test_submissions_list_endpoint" time="0.439" /><testcase classname="tests.test_refactored_api.TestAssetsEndpoints" name="test_assets_requires_auth" time="0.104" /><testcase classname="tests.test_refactored_api.TestAssetsEndpoints" name="test_assets_returns_array" time="0.443" /><testcase classname="tests.test_refactored_api.TestAssetsEndpoints" name="test_assets_library_returns_enriched_data" time="0.441" /><testcase classname="tests.test_refactored_api.TestCalendarEndpoints" name="test_calendar_requires_auth" time="0.103" /><testcase classname="tests.test_refactored_api.TestCalendarEndpoints" name="test_calendar_returns_data" time="0.462" /><testcase classname="tests.test_refactored_api.TestDeliverablesEndpoints" name="test_deliverables_requires_auth" time="0.101" /><testcase classname="tests.test_refactored_api.TestDeliverablesEndpoints" name="test_deliverables_returns_array" time="0.429" /><testcase classname="tests.test_refactored_api.TestAnalyticsEndpoints" name="test_analytics_requires_auth" time="0.100" /><testcase classname="tests.test_refactored_api.TestAnalyticsEndpoints" name="test_analytics_returns_data" time="0.428" /><testcase classname="tests.test_refactored_api.TestAnalyticsEndpoints" name="test_analytics_with_range_param" time="0.432" /><testcase classname="tests.test_refactored_api.TestROIEndpoints" name="test_roi_requires_auth" time="0.095" /><testcase classname="tests.test_refactored_api.TestROIEndpoints" name="test_roi_returns_calculations" time="0.427" /><testcase classname="tests.test_refactored_api.TestBillingEndpoints" name="test_billing_dashboard_requires_auth" time="0.097" /><testcase classname="tests.test_refactored_api.TestBillingEndpoints" name="test_billing_dashboard_returns_plan_info" time="0.429" /><testcase classname="tests.test_refactored_api.TestSettingsEndpoints" name="test_settings_requires_auth" time="0.102" /><testcase classname="tests.test_refactored_api.TestSettingsEndpoints" name="test_settings_returns_data" time="0.427" /><testcase classname="tests.test_refactored_api.TestHelpEndpoints" name="test_help_articles_public" time="0.105" /><testcase classname="tests.test_refactored_api.TestHelpEndpoints" name="test_support_requests_requires_auth" time="0.102" /><testcase classname="tests.test_refactored_api.TestHelpEndpoints" name="test_support_requests_returns_array" time="0.426" /><testcase classname="tests.test_refactored_api.TestBlogEndpoints" name="test_blog_posts_public" time="0.110" /><testcase classname="tests.test_refactored_api.TestBlogEndpoints" name="test_blog_tags_public" time="0.110" /><testcase classname="tests.test_refactored_api.TestAIEndpoints" name="test_ai_capabilities_public" time="0.107" /><testcase classname="tests.test_refactored_api.TestAIEndpoints" name="test_ai_generate_requires_auth" time="0.102" /><testcase classname="tests.test_refactored_api.TestAIEndpoints" name="test_ai_generate_with_auth" time="0.427"><failure message="assert 422 == 200&#10; +  where 422 = &lt;Response [422]&gt;.status_code">tests/test_refactored_api.py:395: in test_ai_generate_with_auth
    assert response.status_code == 200
E   assert 422 == 200
E    +  where 422 = &lt;Response [422]&gt;.status_code</failure></testcase><testcase classname="tests.test_refactored_api.TestVideoTasksEndpoints" name="test_video_tasks_requires_auth" time="0.107" /><testcase classname="tests.test_refactored_api.TestVideoTasksEndpoints" name="test_video_tasks_returns_array" time="0.485" /><testcase classname="tests.test_refactored_api.TestFVSEndpoints" name="test_fvs_config_requires_auth" time="0.113" /><testcase classname="tests.test_refactored_api.TestFVSEndpoints" name="test_fvs_config_returns_data" time="0.430" /><testcase classname="tests.test_refactored_api.TestFVSEndpoints" name="test_fvs_ideas_returns_array" time="0.431" /><testcase classname="tests.test_refactored_api.TestFVSEndpoints" name="test_fvs_activity_returns_array" time="0.454" /><testcase classname="tests.test_refactored_api.TestFVSEndpoints" name="test_fvs_brain_snapshot_returns_data" time="0.434" /></testsuite></testsuites>