<?xml version="1.0" encoding="utf-8"?><testsuites name="pytest tests"><testsuite name="pytest" errors="0" failures="0" skipped="1" tests="28" time="17.644" timestamp="2026-02-19T22:29:28.473650+00:00" hostname="agent-env-a30b225f-7089-4c19-a316-95a18094ac55"><testcase classname="tests.test_oauth_publishing.TestOAuthFlows" name="test_oauth_status_endpoint" time="0.759" /><testcase classname="tests.test_oauth_publishing.TestOAuthFlows" name="test_oauth_connect_flow" time="0.530" /><testcase classname="tests.test_oauth_publishing.TestOAuthFlows" name="test_oauth_connect_unsupported_platform" time="0.544" /><testcase classname="tests.test_oauth_publishing.TestOAuthFlows" name="test_oauth_callback_with_valid_state" time="0.773" /><testcase classname="tests.test_oauth_publishing.TestOAuthFlows" name="test_oauth_callback_invalid_state" time="0.674" /><testcase classname="tests.test_oauth_publishing.TestOAuthFlows" name="test_oauth_refresh_token" time="0.816" /><testcase classname="tests.test_oauth_publishing.TestOAuthFlows" name="test_oauth_refresh_not_connected" time="0.700" /><testcase classname="tests.test_oauth_publishing.TestOAuthFlows" name="test_oauth_disconnect" time="1.143" /><testcase classname="tests.test_oauth_publishing.TestOAuthFlows" name="test_oauth_disconnect_not_connected" time="0.680" /><testcase classname="tests.test_oauth_publishing.TestOAuthFlows" name="test_oauth_quota_endpoint" time="0.582" /><testcase classname="tests.test_oauth_publishing.TestPublishingEndpoints" name="test_publish_queue_endpoint" time="0.873" /><testcase classname="tests.test_oauth_publishing.TestPublishingEndpoints" name="test_publish_stats_endpoint" time="0.903" /><testcase classname="tests.test_oauth_publishing.TestPublishingEndpoints" name="test_publish_history_endpoint" time="0.754" /><testcase classname="tests.test_oauth_publishing.TestPublishingEndpoints" name="test_publish_jobs_list" time="0.689" /><testcase classname="tests.test_oauth_publishing.TestPublishingEndpoints" name="test_publish_jobs_filter_by_status" time="0.808" /><testcase classname="tests.test_oauth_publishing.TestPublishingEndpoints" name="test_publish_youtube_missing_video" time="0.771" /><testcase classname="tests.test_oauth_publishing.TestPublishingEndpoints" name="test_publish_youtube_missing_submission" time="0.744" /><testcase classname="tests.test_oauth_publishing.TestPublishingEndpoints" name="test_publish_youtube_not_connected" time="1.206" /><testcase classname="tests.test_oauth_publishing.TestPublishingEndpoints" name="test_publish_status_not_found" time="0.741" /><testcase classname="tests.test_oauth_publishing.TestPublishingEndpoints" name="test_publish_retry_non_failed" time="0.861"><skipped type="pytest.skip" message="No non-failed jobs to test with">/app/backend/tests/test_oauth_publishing.py:382: No non-failed jobs to test with</skipped></testcase><testcase classname="tests.test_oauth_publishing.TestPublishingEndpoints" name="test_publish_cancel_not_found" time="0.734" /><testcase classname="tests.test_oauth_publishing.TestAuthRequired" name="test_oauth_status_requires_auth" time="0.171" /><testcase classname="tests.test_oauth_publishing.TestAuthRequired" name="test_oauth_connect_requires_auth" time="0.139" /><testcase classname="tests.test_oauth_publishing.TestAuthRequired" name="test_oauth_refresh_requires_auth" time="0.155" /><testcase classname="tests.test_oauth_publishing.TestAuthRequired" name="test_oauth_disconnect_requires_auth" time="0.147" /><testcase classname="tests.test_oauth_publishing.TestAuthRequired" name="test_publish_queue_requires_auth" time="0.177" /><testcase classname="tests.test_oauth_publishing.TestAuthRequired" name="test_publish_stats_requires_auth" time="0.217" /><testcase classname="tests.test_oauth_publishing.TestAuthRequired" name="test_publish_history_requires_auth" time="0.119" /></testsuite></testsuites>