<?xml version="1.0" encoding="utf-8"?><testsuites name="pytest tests"><testsuite name="pytest" errors="0" failures="0" skipped="0" tests="26" time="2.316" timestamp="2026-02-18T05:43:48.640919+00:00" hostname="agent-env-68f7bef6-7c33-41ee-a02e-944f1c976650"><testcase classname="backend.tests.test_analytics_roi_billing.TestAnalyticsDashboard" name="test_analytics_requires_auth" time="0.193" /><testcase classname="backend.tests.test_analytics_roi_billing.TestAnalyticsDashboard" name="test_analytics_default_30d_range" time="0.358" /><testcase classname="backend.tests.test_analytics_roi_billing.TestAnalyticsDashboard" name="test_analytics_summary_has_required_fields" time="0.068" /><testcase classname="backend.tests.test_analytics_roi_billing.TestAnalyticsDashboard" name="test_analytics_7d_range" time="0.061" /><testcase classname="backend.tests.test_analytics_roi_billing.TestAnalyticsDashboard" name="test_analytics_90d_range" time="0.056" /><testcase classname="backend.tests.test_analytics_roi_billing.TestAnalyticsDashboard" name="test_analytics_365d_range" time="0.050" /><testcase classname="backend.tests.test_analytics_roi_billing.TestAnalyticsDashboard" name="test_analytics_custom_date_range" time="0.052" /><testcase classname="backend.tests.test_analytics_roi_billing.TestAnalyticsDashboard" name="test_analytics_snapshots_have_required_fields" time="0.068" /><testcase classname="backend.tests.test_analytics_roi_billing.TestAnalyticsDashboard" name="test_analytics_scoped_to_client" time="0.374" /><testcase classname="backend.tests.test_analytics_roi_billing.TestROIDashboard" name="test_roi_requires_auth" time="0.060" /><testcase classname="backend.tests.test_analytics_roi_billing.TestROIDashboard" name="test_roi_default_30d_range" time="0.050" /><testcase classname="backend.tests.test_analytics_roi_billing.TestROIDashboard" name="test_roi_has_required_fields" time="0.052" /><testcase classname="backend.tests.test_analytics_roi_billing.TestROIDashboard" name="test_roi_calculations_correct" time="0.048" /><testcase classname="backend.tests.test_analytics_roi_billing.TestROIDashboard" name="test_roi_90d_range" time="0.055" /><testcase classname="backend.tests.test_analytics_roi_billing.TestROIDashboard" name="test_roi_365d_range" time="0.052" /><testcase classname="backend.tests.test_analytics_roi_billing.TestROIDashboard" name="test_roi_uses_client_hourly_rate" time="0.057" /><testcase classname="backend.tests.test_analytics_roi_billing.TestBillingDashboard" name="test_billing_requires_auth" time="0.052" /><testcase classname="backend.tests.test_analytics_roi_billing.TestBillingDashboard" name="test_billing_returns_current_plan" time="0.056" /><testcase classname="backend.tests.test_analytics_roi_billing.TestBillingDashboard" name="test_billing_has_required_fields" time="0.051" /><testcase classname="backend.tests.test_analytics_roi_billing.TestBillingDashboard" name="test_billing_record_has_status" time="0.049" /><testcase classname="backend.tests.test_analytics_roi_billing.TestBillingDashboard" name="test_billing_has_next_billing_date" time="0.050" /><testcase classname="backend.tests.test_analytics_roi_billing.TestBillingDashboard" name="test_billing_plan_details_has_features" time="0.051" /><testcase classname="backend.tests.test_analytics_roi_billing.TestBillingDashboard" name="test_billing_plan_details_has_price" time="0.053" /><testcase classname="backend.tests.test_analytics_roi_billing.TestBillingDashboard" name="test_billing_all_plans_available" time="0.049" /><testcase classname="backend.tests.test_analytics_roi_billing.TestBillingDashboard" name="test_billing_stripe_not_connected" time="0.050" /><testcase classname="backend.tests.test_analytics_roi_billing.TestBillingDashboard" name="test_billing_client_info_included" time="0.062" /></testsuite></testsuites>