<?xml version="1.0" encoding="utf-8"?><testsuites name="pytest tests"><testsuite name="pytest" errors="0" failures="0" skipped="0" tests="10" time="3.454" timestamp="2026-02-19T08:50:47.166824+00:00" hostname="agent-env-074a98b1-913d-459a-9065-034dd4aa18a3"><testcase classname="tests.test_notifications.TestNotificationEndpoints" name="test_get_notifications_list" time="0.637" /><testcase classname="tests.test_notifications.TestNotificationEndpoints" name="test_get_unread_count" time="0.125" /><testcase classname="tests.test_notifications.TestNotificationEndpoints" name="test_notification_created_on_status_change" time="0.626" /><testcase classname="tests.test_notifications.TestNotificationEndpoints" name="test_mark_notification_as_read" time="0.228" /><testcase classname="tests.test_notifications.TestNotificationEndpoints" name="test_mark_all_as_read" time="0.355" /><testcase classname="tests.test_notifications.TestNotificationEndpoints" name="test_mark_nonexistent_notification_returns_404" time="0.136" /><testcase classname="tests.test_notifications.TestNotificationEndpoints" name="test_notifications_require_auth" time="0.477" /><testcase classname="tests.test_notifications.TestNotificationDataIntegrity" name="test_notification_types_are_valid" time="0.480" /><testcase classname="tests.test_notifications.TestNotificationDataIntegrity" name="test_notification_priorities_are_valid" time="0.115" /><testcase classname="tests.test_notifications.TestNotificationDataIntegrity" name="test_notifications_sorted_by_created_at_desc" time="0.112" /></testsuite></testsuites>