<?xml version="1.0" encoding="utf-8"?><testsuites name="pytest tests"><testsuite name="pytest" errors="0" failures="2" skipped="0" tests="9" time="34.906" timestamp="2026-02-19T01:24:08.143299+00:00" hostname="agent-env-02f8b953-27d0-4347-aba0-868439b6d8d8"><testcase classname="backend.tests.test_strategy_idea_detail.TestStrategyIdeaDetailFlow" name="test_get_idea_by_id_success" time="0.688" /><testcase classname="backend.tests.test_strategy_idea_detail.TestStrategyIdeaDetailFlow" name="test_get_idea_by_id_not_found" time="0.499" /><testcase classname="backend.tests.test_strategy_idea_detail.TestStrategyIdeaDetailFlow" name="test_generate_script_for_idea_success" time="13.478" /><testcase classname="backend.tests.test_strategy_idea_detail.TestStrategyIdeaDetailFlow" name="test_generate_script_for_idea_not_found" time="0.486" /><testcase classname="backend.tests.test_strategy_idea_detail.TestStrategyIdeaDetailFlow" name="test_generate_script_uses_hinglish_style" time="17.178" /><testcase classname="backend.tests.test_strategy_idea_detail.TestCreateSubmissionFromIdea" name="test_create_submission_from_idea" time="0.476"><failure message="assert 200 == 201&#10; +  where 200 = &lt;Response [200]&gt;.status_code">backend/tests/test_strategy_idea_detail.py:174: in test_create_submission_from_idea
    assert response.status_code == 201
E   assert 200 == 201
E    +  where 200 = &lt;Response [200]&gt;.status_code</failure></testcase><testcase classname="backend.tests.test_strategy_idea_detail.TestCreateVideoTaskFromIdea" name="test_create_video_task_from_idea" time="1.171"><failure message="assert 200 == 201&#10; +  where 200 = &lt;Response [200]&gt;.status_code">backend/tests/test_strategy_idea_detail.py:223: in test_create_video_task_from_idea
    assert response.status_code == 201
E   assert 200 == 201
E    +  where 200 = &lt;Response [200]&gt;.status_code</failure></testcase><testcase classname="backend.tests.test_strategy_idea_detail.TestFvsIdeasListEndpoint" name="test_get_all_ideas" time="0.431" /><testcase classname="backend.tests.test_strategy_idea_detail.TestFvsIdeasListEndpoint" name="test_get_ideas_filtered_by_status" time="0.397" /></testsuite></testsuites>