<?xml version="1.0" encoding="utf-8"?><testsuites name="pytest tests"><testsuite name="pytest" errors="0" failures="1" skipped="0" tests="9" time="45.178" timestamp="2026-02-18T11:29:07.748347+00:00" hostname="agent-env-5149c380-436b-457b-a510-52a60dd9cf98"><testcase classname="backend.tests.test_veo_elevenlabs_integration.TestVideoTasksVeoIntegration" name="test_create_video_task_veo_graceful_fallback" time="0.567" /><testcase classname="backend.tests.test_veo_elevenlabs_integration.TestVideoTasksVeoIntegration" name="test_get_video_task_status_with_mocked_fields" time="0.213" /><testcase classname="backend.tests.test_veo_elevenlabs_integration.TestVideoTasksVeoIntegration" name="test_create_video_task_runway_mocked" time="0.101" /><testcase classname="backend.tests.test_veo_elevenlabs_integration.TestVideoTasksVeoIntegration" name="test_create_video_task_kling_mocked" time="0.105" /><testcase classname="backend.tests.test_veo_elevenlabs_integration.TestVideoTasksVeoIntegration" name="test_video_task_invalid_provider" time="0.130" /><testcase classname="backend.tests.test_veo_elevenlabs_integration.TestFVSProduceEpisode" name="test_propose_ideas_first" time="12.755" /><testcase classname="backend.tests.test_veo_elevenlabs_integration.TestFVSProduceEpisode" name="test_produce_episode_with_graceful_fallbacks" time="29.396" /><testcase classname="backend.tests.test_veo_elevenlabs_integration.TestVideoTasksList" name="test_get_video_tasks_list" time="0.175" /><testcase classname="backend.tests.test_veo_elevenlabs_integration.TestAssetsWithProviderInfo" name="test_assets_have_provider_info" time="1.592"><failure message="AssertionError: Audio asset should have isMocked&#10;assert 'isMocked' in {'clientId': 'demo-client-1', 'createdAt': '2026-02-18T07:38:54.166331+00:00', 'episodeTitle': 'AI Voice Breakthrough: Sound Authentic, Create Content Faster', 'fvsGenerated': True, ...}">backend/tests/test_veo_elevenlabs_integration.py:350: in test_assets_have_provider_info
    assert "isMocked" in audio, "Audio asset should have isMocked"
E   AssertionError: Audio asset should have isMocked
E   assert 'isMocked' in {'clientId': 'demo-client-1', 'createdAt': '2026-02-18T07:38:54.166331+00:00', 'episodeTitle': 'AI Voice Breakthrough: Sound Authentic, Create Content Faster', 'fvsGenerated': True, ...}</failure></testcase></testsuite></testsuites>