<?xml version="1.0" encoding="utf-8"?><testsuites name="pytest tests"><testsuite name="pytest" errors="0" failures="2" skipped="0" tests="32" time="3.504" timestamp="2026-02-18T06:02:25.923529+00:00" hostname="agent-env-68f7bef6-7c33-41ee-a02e-944f1c976650"><testcase classname="backend.tests.test_p2_pages.TestSettingsEndpoint" name="test_settings_get_requires_auth" time="0.152" /><testcase classname="backend.tests.test_p2_pages.TestSettingsEndpoint" name="test_settings_put_requires_auth" time="0.049" /><testcase classname="backend.tests.test_p2_pages.TestSettingsEndpoint" name="test_settings_get_returns_all_fields" time="0.350" /><testcase classname="backend.tests.test_p2_pages.TestSettingsEndpoint" name="test_settings_get_returns_numeric_values" time="0.048" /><testcase classname="backend.tests.test_p2_pages.TestSettingsEndpoint" name="test_settings_put_updates_hourly_rate" time="0.220" /><testcase classname="backend.tests.test_p2_pages.TestSettingsEndpoint" name="test_settings_put_updates_hours_per_episode" time="0.223" /><testcase classname="backend.tests.test_p2_pages.TestSettingsEndpoint" name="test_settings_put_updates_brand_voice" time="0.207" /><testcase classname="backend.tests.test_p2_pages.TestSettingsEndpoint" name="test_settings_put_updates_contact_details" time="0.196" /><testcase classname="backend.tests.test_p2_pages.TestSettingsEndpoint" name="test_settings_put_validates_negative_hourly_rate" time="0.046" /><testcase classname="backend.tests.test_p2_pages.TestSettingsEndpoint" name="test_settings_put_validates_zero_hours_per_episode" time="0.092" /><testcase classname="backend.tests.test_p2_pages.TestSettingsEndpoint" name="test_settings_scoped_to_client" time="0.372" /><testcase classname="backend.tests.test_p2_pages.TestHelpArticlesEndpoint" name="test_help_articles_returns_list" time="0.055" /><testcase classname="backend.tests.test_p2_pages.TestHelpArticlesEndpoint" name="test_help_articles_have_required_fields" time="0.060" /><testcase classname="backend.tests.test_p2_pages.TestHelpArticlesEndpoint" name="test_help_articles_grouped_by_category" time="0.049" /><testcase classname="backend.tests.test_p2_pages.TestSupportRequestsEndpoint" name="test_support_get_requires_auth" time="0.045" /><testcase classname="backend.tests.test_p2_pages.TestSupportRequestsEndpoint" name="test_support_post_requires_auth" time="0.051" /><testcase classname="backend.tests.test_p2_pages.TestSupportRequestsEndpoint" name="test_support_get_returns_list" time="0.054" /><testcase classname="backend.tests.test_p2_pages.TestSupportRequestsEndpoint" name="test_support_requests_have_required_fields" time="0.122" /><testcase classname="backend.tests.test_p2_pages.TestSupportRequestsEndpoint" name="test_support_post_creates_request" time="0.051" /><testcase classname="backend.tests.test_p2_pages.TestSupportRequestsEndpoint" name="test_support_post_validates_empty_subject" time="0.047"><failure message="assert 200 in [400, 422]&#10; +  where 200 = &lt;Response [200]&gt;.status_code">backend/tests/test_p2_pages.py:329: in test_support_post_validates_empty_subject
    assert response.status_code in [400, 422]
E   assert 200 in [400, 422]
E    +  where 200 = &lt;Response [200]&gt;.status_code</failure></testcase><testcase classname="backend.tests.test_p2_pages.TestSupportRequestsEndpoint" name="test_support_post_validates_empty_message" time="0.068"><failure message="assert 200 in [400, 422]&#10; +  where 200 = &lt;Response [200]&gt;.status_code">backend/tests/test_p2_pages.py:336: in test_support_post_validates_empty_message
    assert response.status_code in [400, 422]
E   assert 200 in [400, 422]
E    +  where 200 = &lt;Response [200]&gt;.status_code</failure></testcase><testcase classname="backend.tests.test_p2_pages.TestSupportRequestsEndpoint" name="test_support_requests_scoped_to_client" time="0.100" /><testcase classname="backend.tests.test_p2_pages.TestBlogPostsEndpoint" name="test_blog_posts_returns_list" time="0.045" /><testcase classname="backend.tests.test_p2_pages.TestBlogPostsEndpoint" name="test_blog_posts_have_required_fields" time="0.047" /><testcase classname="backend.tests.test_p2_pages.TestBlogPostsEndpoint" name="test_blog_posts_filter_by_tag" time="0.092" /><testcase classname="backend.tests.test_p2_pages.TestBlogPostsEndpoint" name="test_blog_posts_filter_by_search" time="0.097" /><testcase classname="backend.tests.test_p2_pages.TestBlogPostsEndpoint" name="test_blog_posts_sorted_by_date" time="0.067" /><testcase classname="backend.tests.test_p2_pages.TestBlogPostBySlugEndpoint" name="test_blog_post_by_slug_returns_post" time="0.092" /><testcase classname="backend.tests.test_p2_pages.TestBlogPostBySlugEndpoint" name="test_blog_post_by_slug_not_found" time="0.049" /><testcase classname="backend.tests.test_p2_pages.TestBlogTagsEndpoint" name="test_blog_tags_returns_list" time="0.054" /><testcase classname="backend.tests.test_p2_pages.TestBlogTagsEndpoint" name="test_blog_tags_are_sorted" time="0.052" /><testcase classname="backend.tests.test_p2_pages.TestROIUsesClientSettings" name="test_roi_uses_client_hourly_rate" time="0.107" /></testsuite></testsuites>