<?xml version="1.0" encoding="utf-8"?><testsuites name="pytest tests"><testsuite name="pytest" errors="0" failures="0" skipped="0" tests="11" time="11.580" timestamp="2026-02-19T02:14:15.655270+00:00" hostname="agent-env-02f8b953-27d0-4347-aba0-868439b6d8d8"><testcase classname="backend.tests.test_primary_thumbnail.TestPrimaryThumbnailEndpoint" name="test_get_submission_with_thumbnails" time="2.309" /><testcase classname="backend.tests.test_primary_thumbnail.TestPrimaryThumbnailEndpoint" name="test_set_primary_thumbnail_success" time="0.207" /><testcase classname="backend.tests.test_primary_thumbnail.TestPrimaryThumbnailEndpoint" name="test_verify_primary_thumbnail_persisted" time="0.175" /><testcase classname="backend.tests.test_primary_thumbnail.TestPrimaryThumbnailEndpoint" name="test_verify_thumbnail_flags_updated" time="1.393" /><testcase classname="backend.tests.test_primary_thumbnail.TestPrimaryThumbnailEndpoint" name="test_set_primary_thumbnail_invalid_asset" time="0.300" /><testcase classname="backend.tests.test_primary_thumbnail.TestPrimaryThumbnailEndpoint" name="test_set_primary_thumbnail_wrong_submission" time="1.562" /><testcase classname="backend.tests.test_primary_thumbnail.TestPrimaryThumbnailEndpoint" name="test_set_primary_thumbnail_non_thumbnail_asset" time="1.674" /><testcase classname="backend.tests.test_primary_thumbnail.TestPrimaryThumbnailEndpoint" name="test_set_primary_thumbnail_invalid_submission" time="0.113" /><testcase classname="backend.tests.test_primary_thumbnail.TestPrimaryThumbnailEndpoint" name="test_set_primary_thumbnail_missing_asset_id" time="0.120" /><testcase classname="backend.tests.test_primary_thumbnail.TestPrimaryThumbnailEndpoint" name="test_set_primary_thumbnail_unauthorized" time="0.156" /><testcase classname="backend.tests.test_primary_thumbnail.TestPrimaryThumbnailSwitching" name="test_switch_primary_thumbnail" time="3.460" /></testsuite></testsuites>