<?xml version="1.0" encoding="utf-8"?><testsuites name="pytest tests"><testsuite name="pytest" errors="0" failures="0" skipped="0" tests="7" time="186.607" timestamp="2026-02-18T10:08:24.763315+00:00" hostname="agent-env-2aacd7c6-307f-44cc-9e6b-65c86daaaabb"><testcase classname="backend.tests.test_fvs_media_integration.TestFvsMediaIntegration" name="test_produce_episode_thumbnail_is_real_openai" time="30.225" /><testcase classname="backend.tests.test_fvs_media_integration.TestFvsMediaIntegration" name="test_produce_episode_audio_falls_back_to_mock" time="29.393" /><testcase classname="backend.tests.test_fvs_media_integration.TestFvsMediaIntegration" name="test_produce_episode_includes_warnings_for_mocked_audio" time="32.525" /><testcase classname="backend.tests.test_fvs_media_integration.TestFvsMediaIntegration" name="test_produce_episode_video_is_mocked" time="30.766" /><testcase classname="backend.tests.test_fvs_media_integration.TestFvsMediaIntegration" name="test_produce_episode_response_structure_backwards_compatible" time="29.276" /><testcase classname="backend.tests.test_fvs_media_integration.TestFvsMediaIntegration" name="test_produce_episode_submission_and_assets_created" time="32.787" /><testcase classname="backend.tests.test_fvs_media_integration.TestFvsAssetsEndpoint" name="test_fvs_assets_have_correct_metadata" time="1.571" /></testsuite></testsuites>