<?xml version="1.0" encoding="utf-8"?><testsuites name="pytest tests"><testsuite name="pytest" errors="0" failures="0" skipped="0" tests="17" time="4.627" timestamp="2026-02-19T12:58:59.513730+00:00" hostname="agent-env-a29e246a-9f60-48ed-abec-ac315fd87b68"><testcase classname="tests.test_calendar_mastermind.TestCalendarAuth" name="test_login_success" time="0.452" /><testcase classname="tests.test_calendar_mastermind.TestCalendarMain" name="test_get_calendar_without_params" time="0.483" /><testcase classname="tests.test_calendar_mastermind.TestCalendarMain" name="test_get_calendar_with_year_month" time="0.128" /><testcase classname="tests.test_calendar_mastermind.TestCalendarMain" name="test_get_calendar_unauthorized" time="0.129" /><testcase classname="tests.test_calendar_mastermind.TestCalendarPipeline" name="test_get_pipeline" time="0.503" /><testcase classname="tests.test_calendar_mastermind.TestCalendarPipeline" name="test_get_pipeline_unauthorized" time="0.123" /><testcase classname="tests.test_calendar_mastermind.TestCalendarSuggestions" name="test_get_suggestions" time="0.497" /><testcase classname="tests.test_calendar_mastermind.TestCalendarSuggestions" name="test_get_suggestions_unauthorized" time="0.117" /><testcase classname="tests.test_calendar_mastermind.TestCalendarScheduling" name="test_schedule_submission" time="0.707" /><testcase classname="tests.test_calendar_mastermind.TestCalendarScheduling" name="test_unschedule_submission" time="0.143" /><testcase classname="tests.test_calendar_mastermind.TestCalendarScheduling" name="test_schedule_nonexistent_submission" time="0.117" /><testcase classname="tests.test_calendar_mastermind.TestCalendarScheduling" name="test_schedule_unauthorized" time="0.117" /><testcase classname="tests.test_calendar_mastermind.TestCalendarScheduling" name="test_unschedule_unauthorized" time="0.108" /><testcase classname="tests.test_calendar_mastermind.TestCalendarDataIntegrity" name="test_calendar_submission_structure" time="0.461" /><testcase classname="tests.test_calendar_mastermind.TestCalendarDataIntegrity" name="test_pipeline_submission_structure" time="0.126" /><testcase classname="tests.test_calendar_mastermind.TestCalendarDataIntegrity" name="test_suggestion_structure" time="0.108" /><testcase classname="tests.test_calendar_mastermind.TestCalendarDataIntegrity" name="test_calendar_month_boundary" time="0.215" /></testsuite></testsuites>