<?xml version="1.0" encoding="utf-8"?><testsuites name="pytest tests"><testsuite name="pytest" errors="0" failures="0" skipped="0" tests="7" time="3.103" timestamp="2026-02-19T06:05:00.025602+00:00" hostname="agent-env-d1b98dd1-60b3-495c-a136-41a8d63f0a23"><testcase classname="tests.test_onboarding_api.TestOnboardingAPI" name="test_login_includes_onboarding_field" time="0.382" /><testcase classname="tests.test_onboarding_api.TestOnboardingAPI" name="test_get_me_includes_onboarding_field" time="0.463" /><testcase classname="tests.test_onboarding_api.TestOnboardingAPI" name="test_patch_onboarding_complete_true" time="0.590" /><testcase classname="tests.test_onboarding_api.TestOnboardingAPI" name="test_patch_onboarding_complete_false" time="0.635" /><testcase classname="tests.test_onboarding_api.TestOnboardingAPI" name="test_patch_onboarding_requires_auth" time="0.168" /><testcase classname="tests.test_onboarding_api.TestOnboardingAPI" name="test_admin_can_patch_onboarding" time="0.435" /><testcase classname="tests.test_onboarding_api.TestOnboardingAPI" name="test_admin_login_includes_onboarding_field" time="0.332" /></testsuite></testsuites>