<?xml version="1.0" encoding="utf-8"?><testsuites name="pytest tests"><testsuite name="pytest" errors="0" failures="0" skipped="0" tests="25" time="10.713" timestamp="2026-02-20T05:46:13.256966+00:00" hostname="agent-env-a30b225f-7089-4c19-a316-95a18094ac55"><testcase classname="backend.tests.test_sprint9_analytics_trends.TestAuthentication" name="test_login_success" time="0.488" /><testcase classname="backend.tests.test_sprint9_analytics_trends.TestAnalyticsOverview" name="test_analytics_overview_returns_200" time="0.637" /><testcase classname="backend.tests.test_sprint9_analytics_trends.TestAnalyticsOverview" name="test_analytics_overview_has_real_data" time="0.106" /><testcase classname="backend.tests.test_sprint9_analytics_trends.TestAnalyticsOverview" name="test_analytics_overview_with_days_param" time="0.116" /><testcase classname="backend.tests.test_sprint9_analytics_trends.TestAnalyticsVideos" name="test_analytics_videos_returns_200" time="0.469" /><testcase classname="backend.tests.test_sprint9_analytics_trends.TestAnalyticsVideos" name="test_analytics_videos_returns_video_list" time="0.142" /><testcase classname="backend.tests.test_sprint9_analytics_trends.TestAnalyticsVideos" name="test_analytics_videos_sorting" time="0.138" /><testcase classname="backend.tests.test_sprint9_analytics_trends.TestAnalyticsSync" name="test_analytics_sync_endpoint_exists" time="0.621" /><testcase classname="backend.tests.test_sprint9_analytics_trends.TestAnalyticsSync" name="test_analytics_sync_response_structure" time="0.246" /><testcase classname="backend.tests.test_sprint9_analytics_trends.TestTrendsScan" name="test_trends_scan_starts" time="0.460" /><testcase classname="backend.tests.test_sprint9_analytics_trends.TestTrendsScanStatus" name="test_trends_status_returns_200" time="0.892" /><testcase classname="backend.tests.test_sprint9_analytics_trends.TestTrendsScanStatus" name="test_trends_status_has_status_field" time="0.104" /><testcase classname="backend.tests.test_sprint9_analytics_trends.TestTrendsRecommendations" name="test_recommendations_returns_200" time="0.912" /><testcase classname="backend.tests.test_sprint9_analytics_trends.TestTrendsRecommendations" name="test_recommendations_has_ai_content" time="0.125" /><testcase classname="backend.tests.test_sprint9_analytics_trends.TestTrendsCompetitors" name="test_competitors_returns_200" time="0.806" /><testcase classname="backend.tests.test_sprint9_analytics_trends.TestTrendsCompetitors" name="test_competitors_has_videos" time="0.104" /><testcase classname="backend.tests.test_sprint9_analytics_trends.TestTrendsTrending" name="test_trending_returns_200" time="1.204" /><testcase classname="backend.tests.test_sprint9_analytics_trends.TestTrendsTrending" name="test_trending_has_topics" time="0.110" /><testcase classname="backend.tests.test_sprint9_analytics_trends.TestSchedulerJobs" name="test_scheduler_jobs_registered" time="0.000" /><testcase classname="backend.tests.test_sprint9_analytics_trends.TestAnalyticsDashboard" name="test_dashboard_returns_200" time="0.804" /><testcase classname="backend.tests.test_sprint9_analytics_trends.TestAnalyticsDashboard" name="test_dashboard_uses_youtube_analytics" time="0.129" /><testcase classname="backend.tests.test_sprint9_analytics_trends.TestAnalyticsChartData" name="test_chart_data_returns_200" time="0.914" /><testcase classname="backend.tests.test_sprint9_analytics_trends.TestAnalyticsChartData" name="test_chart_data_has_data_points" time="0.110" /><testcase classname="backend.tests.test_sprint9_analytics_trends.TestAnalyticsTopPerformers" name="test_top_performers_returns_200" time="0.828" /><testcase classname="backend.tests.test_sprint9_analytics_trends.TestAnalyticsTopPerformers" name="test_top_performers_has_videos" time="0.132" /></testsuite></testsuites>