<?xml version="1.0" encoding="utf-8"?><testsuites name="pytest tests"><testsuite name="pytest" errors="0" failures="1" skipped="0" tests="21" time="33.507" timestamp="2026-02-18T07:41:58.901345+00:00" hostname="agent-env-2aacd7c6-307f-44cc-9e6b-65c86daaaabb"><testcase classname="backend.tests.test_fvs_system.TestFvsAuth" name="test_fvs_config_requires_auth" time="0.154" /><testcase classname="backend.tests.test_fvs_system.TestFvsAuth" name="test_fvs_ideas_requires_auth" time="0.106" /><testcase classname="backend.tests.test_fvs_system.TestFvsAuth" name="test_fvs_brain_snapshot_requires_auth" time="0.102" /><testcase classname="backend.tests.test_fvs_system.TestFvsAuth" name="test_fvs_activity_requires_auth" time="0.109" /><testcase classname="backend.tests.test_fvs_system.TestFvsAuth" name="test_fvs_propose_ideas_requires_auth" time="0.120" /><testcase classname="backend.tests.test_fvs_system.TestFvsAuth" name="test_fvs_produce_episode_requires_auth" time="0.124" /><testcase classname="backend.tests.test_fvs_system.TestFvsConfig" name="test_get_fvs_config" time="0.513" /><testcase classname="backend.tests.test_fvs_system.TestFvsConfig" name="test_update_fvs_config_manual" time="0.491" /><testcase classname="backend.tests.test_fvs_system.TestFvsConfig" name="test_update_fvs_config_semi_auto" time="0.487" /><testcase classname="backend.tests.test_fvs_system.TestFvsConfig" name="test_update_fvs_config_full_auto" time="0.510" /><testcase classname="backend.tests.test_fvs_system.TestFvsConfig" name="test_update_fvs_config_invalid_level" time="0.486" /><testcase classname="backend.tests.test_fvs_system.TestFvsBrainSnapshot" name="test_get_brain_snapshot" time="0.466" /><testcase classname="backend.tests.test_fvs_system.TestFvsIdeas" name="test_get_fvs_ideas" time="0.472" /><testcase classname="backend.tests.test_fvs_system.TestFvsIdeas" name="test_get_fvs_ideas_filter_by_status" time="0.487" /><testcase classname="backend.tests.test_fvs_system.TestFvsActivity" name="test_get_fvs_activity" time="0.478" /><testcase classname="backend.tests.test_fvs_system.TestFvsProposeIdeas" name="test_propose_ideas_short_format" time="10.753" /><testcase classname="backend.tests.test_fvs_system.TestFvsProduceEpisode" name="test_produce_episode_creates_submission_and_assets" time="15.439"><failure message="AssertionError: assert 'SCHEDULED' == 'INTAKE'&#10;  &#10;  - INTAKE&#10;  + SCHEDULED">backend/tests/test_fvs_system.py:305: in test_produce_episode_creates_submission_and_assets
    assert submission["status"] == "INTAKE"
E   AssertionError: assert 'SCHEDULED' == 'INTAKE'
E     
E     - INTAKE
E     + SCHEDULED</failure></testcase><testcase classname="backend.tests.test_fvs_system.TestFvsProduceEpisode" name="test_produce_episode_invalid_idea" time="0.487" /><testcase classname="backend.tests.test_fvs_system.TestFvsIdeaStatusUpdate" name="test_reject_idea" time="0.601" /><testcase classname="backend.tests.test_fvs_system.TestFvsIntegration" name="test_fvs_submission_appears_in_submissions_list" time="0.475" /><testcase classname="backend.tests.test_fvs_system.TestFvsIntegration" name="test_fvs_assets_appear_in_assets_list" time="0.497" /></testsuite></testsuites>