<?xml version="1.0" encoding="utf-8"?><testsuites name="pytest tests"><testsuite name="pytest" errors="0" failures="0" skipped="0" tests="13" time="5.193" timestamp="2026-02-19T05:43:04.325166+00:00" hostname="agent-env-d1b98dd1-60b3-495c-a136-41a8d63f0a23"><testcase classname="tests.test_admin_publishing.TestAdminPublishingFeatures" name="test_admin_can_see_all_publishing_tasks" time="0.927" /><testcase classname="tests.test_admin_publishing.TestAdminPublishingFeatures" name="test_admin_can_filter_by_client_id" time="0.350" /><testcase classname="tests.test_admin_publishing.TestAdminPublishingFeatures" name="test_client_cannot_filter_by_client_id" time="0.907" /><testcase classname="tests.test_admin_publishing.TestAdminPublishingFeatures" name="test_admin_clients_endpoint" time="0.154" /><testcase classname="tests.test_admin_publishing.TestAdminPublishingFeatures" name="test_client_cannot_access_admin_clients_endpoint" time="0.190" /><testcase classname="tests.test_admin_publishing.TestAdminPublishingFeatures" name="test_admin_publishing_stats_all_clients" time="0.218" /><testcase classname="tests.test_admin_publishing.TestAdminPublishingFeatures" name="test_admin_publishing_stats_filtered_by_client" time="0.416" /><testcase classname="tests.test_admin_publishing.TestAdminPublishingFeatures" name="test_client_publishing_stats_own_only" time="0.168" /><testcase classname="tests.test_admin_publishing.TestExistingPublishingFeatures" name="test_list_platform_connections" time="0.957" /><testcase classname="tests.test_admin_publishing.TestExistingPublishingFeatures" name="test_connect_platform" time="0.190" /><testcase classname="tests.test_admin_publishing.TestExistingPublishingFeatures" name="test_list_publishing_tasks" time="0.150" /><testcase classname="tests.test_admin_publishing.TestExistingPublishingFeatures" name="test_list_publishing_tasks_with_filters" time="0.148" /><testcase classname="tests.test_admin_publishing.TestExistingPublishingFeatures" name="test_get_publishing_stats" time="0.142" /></testsuite></testsuites>