<?xml version="1.0" encoding="utf-8"?><testsuites name="pytest tests"><testsuite name="pytest" errors="0" failures="1" skipped="0" tests="9" time="30.874" timestamp="2026-02-19T01:25:02.036273+00:00" hostname="agent-env-02f8b953-27d0-4347-aba0-868439b6d8d8"><testcase classname="backend.tests.test_strategy_idea_detail.TestStrategyIdeaDetailFlow" name="test_get_idea_by_id_success" time="0.582" /><testcase classname="backend.tests.test_strategy_idea_detail.TestStrategyIdeaDetailFlow" name="test_get_idea_by_id_not_found" time="0.566" /><testcase classname="backend.tests.test_strategy_idea_detail.TestStrategyIdeaDetailFlow" name="test_generate_script_for_idea_success" time="14.261" /><testcase classname="backend.tests.test_strategy_idea_detail.TestStrategyIdeaDetailFlow" name="test_generate_script_for_idea_not_found" time="0.615" /><testcase classname="backend.tests.test_strategy_idea_detail.TestStrategyIdeaDetailFlow" name="test_generate_script_uses_hinglish_style" time="12.324" /><testcase classname="backend.tests.test_strategy_idea_detail.TestCreateSubmissionFromIdea" name="test_create_submission_from_idea" time="0.498"><failure message="assert 405 in [200, 204]&#10; +  where 405 = &lt;Response [405]&gt;.status_code">backend/tests/test_strategy_idea_detail.py:185: in test_create_submission_from_idea
    assert delete_response.status_code in [200, 204]
E   assert 405 in [200, 204]
E    +  where 405 = &lt;Response [405]&gt;.status_code</failure></testcase><testcase classname="backend.tests.test_strategy_idea_detail.TestCreateVideoTaskFromIdea" name="test_create_video_task_from_idea" time="1.095" /><testcase classname="backend.tests.test_strategy_idea_detail.TestFvsIdeasListEndpoint" name="test_get_all_ideas" time="0.420" /><testcase classname="backend.tests.test_strategy_idea_detail.TestFvsIdeasListEndpoint" name="test_get_ideas_filtered_by_status" time="0.423" /></testsuite></testsuites>