<?xml version="1.0" encoding="utf-8"?><testsuites name="pytest tests"><testsuite name="pytest" errors="0" failures="0" skipped="4" tests="9" time="3.172" timestamp="2026-02-20T09:33:55.825478+00:00" hostname="agent-env-a6c274ce-be95-4a49-9770-055e36baa718"><testcase classname="tests.test_sprint14_features.TestYouTubeUploadNoVideoFile" name="test_check_video_returns_status" time="0.737" /><testcase classname="tests.test_sprint14_features.TestYouTubeUploadQuotaExceeded" name="test_quota_status_endpoint" time="0.542" /><testcase classname="tests.test_sprint14_features.TestStripeCheckoutSessionCreated" name="test_create_checkout_session_returns_url" time="0.000"><skipped type="pytest.skip" message="Stripe keys not configured">/app/backend/tests/test_sprint14_features.py:106: Stripe keys not configured</skipped></testcase><testcase classname="tests.test_sprint14_features.TestStripeWebhookSubscriptionActivated" name="test_webhook_endpoint_exists" time="0.000"><skipped type="pytest.skip" message="Stripe keys not configured">/app/backend/tests/test_sprint14_features.py:132: Stripe keys not configured</skipped></testcase><testcase classname="tests.test_sprint14_features.TestDevTestUploadAttachesVideo" name="test_test_upload_status_available_in_dev" time="0.485" /><testcase classname="tests.test_sprint14_features.TestDevTestUploadAttachesVideo" name="test_attach_test_video_to_submission" time="0.617" /><testcase classname="tests.test_sprint14_features.TestBillingStatus" name="test_billing_status_returns_plan_info" time="0.000"><skipped type="pytest.skip" message="Stripe keys not configured">/app/backend/tests/test_sprint14_features.py:211: Stripe keys not configured</skipped></testcase><testcase classname="tests.test_sprint14_features.TestBillingPlans" name="test_get_plans_returns_all_plans" time="0.000"><skipped type="pytest.skip" message="Stripe keys not configured">/app/backend/tests/test_sprint14_features.py:234: Stripe keys not configured</skipped></testcase><testcase classname="tests.test_sprint14_features.TestYouTubePublishFlow" name="test_publish_flow_with_test_video" time="0.690" /></testsuite></testsuites>