<?xml version="1.0" encoding="utf-8"?><testsuites name="pytest tests"><testsuite name="pytest" errors="0" failures="0" skipped="0" tests="19" time="9.282" timestamp="2026-02-20T03:55:27.055390+00:00" hostname="agent-env-a30b225f-7089-4c19-a316-95a18094ac55"><testcase classname="tests.test_sprint8_pulse.TestAuthentication" name="test_client_login_success" time="0.524" /><testcase classname="tests.test_sprint8_pulse.TestAuthentication" name="test_admin_login_success" time="0.341" /><testcase classname="tests.test_sprint8_pulse.TestOverviewPage" name="test_overview_loads_quickly" time="0.587" /><testcase classname="tests.test_sprint8_pulse.TestOverviewPage" name="test_overview_has_kpis" time="0.473" /><testcase classname="tests.test_sprint8_pulse.TestOverviewPage" name="test_no_test_items_in_pipeline" time="0.503" /><testcase classname="tests.test_sprint8_pulse.TestOverviewPage" name="test_hero_episodes_visible" time="0.484" /><testcase classname="tests.test_sprint8_pulse.TestAnalyticsPage" name="test_analytics_dashboard_loads" time="0.461" /><testcase classname="tests.test_sprint8_pulse.TestAnalyticsPage" name="test_analytics_summary_has_required_fields" time="0.440" /><testcase classname="tests.test_sprint8_pulse.TestROICenter" name="test_roi_dashboard_loads" time="0.448" /><testcase classname="tests.test_sprint8_pulse.TestCalendarPage" name="test_calendar_loads" time="0.432" /><testcase classname="tests.test_sprint8_pulse.TestYouTubeOAuth" name="test_oauth_status_returns_all_platforms" time="0.473" /><testcase classname="tests.test_sprint8_pulse.TestYouTubeOAuth" name="test_youtube_connect_returns_real_oauth" time="0.462" /><testcase classname="tests.test_sprint8_pulse.TestYouTubeOAuth" name="test_youtube_oauth_includes_pkce" time="0.462" /><testcase classname="tests.test_sprint8_pulse.TestYouTubeOAuth" name="test_tiktok_instagram_show_coming_soon" time="0.552" /><testcase classname="tests.test_sprint8_pulse.TestPublishingDashboard" name="test_publish_queue_has_items" time="0.466" /><testcase classname="tests.test_sprint8_pulse.TestPublishingDashboard" name="test_publish_stats_loads" time="0.457" /><testcase classname="tests.test_sprint8_pulse.TestSubmissionsPage" name="test_submissions_list_loads" time="0.487" /><testcase classname="tests.test_sprint8_pulse.TestSubmissionsPage" name="test_submissions_have_status_badges" time="0.626" /><testcase classname="tests.test_sprint8_pulse.TestYouTubeSyncEndpoint" name="test_sync_endpoint_exists" time="0.475" /></testsuite></testsuites>