<?xml version="1.0" encoding="utf-8"?><testsuites name="pytest tests"><testsuite name="pytest" errors="0" failures="0" skipped="0" tests="9" time="45.389" timestamp="2026-02-18T11:30:19.020312+00:00" hostname="agent-env-5149c380-436b-457b-a510-52a60dd9cf98"><testcase classname="backend.tests.test_veo_elevenlabs_integration.TestVideoTasksVeoIntegration" name="test_create_video_task_veo_graceful_fallback" time="0.580" /><testcase classname="backend.tests.test_veo_elevenlabs_integration.TestVideoTasksVeoIntegration" name="test_get_video_task_status_with_mocked_fields" time="0.247" /><testcase classname="backend.tests.test_veo_elevenlabs_integration.TestVideoTasksVeoIntegration" name="test_create_video_task_runway_mocked" time="0.116" /><testcase classname="backend.tests.test_veo_elevenlabs_integration.TestVideoTasksVeoIntegration" name="test_create_video_task_kling_mocked" time="0.108" /><testcase classname="backend.tests.test_veo_elevenlabs_integration.TestVideoTasksVeoIntegration" name="test_video_task_invalid_provider" time="0.124" /><testcase classname="backend.tests.test_veo_elevenlabs_integration.TestFVSProduceEpisode" name="test_propose_ideas_first" time="9.372" /><testcase classname="backend.tests.test_veo_elevenlabs_integration.TestFVSProduceEpisode" name="test_produce_episode_with_graceful_fallbacks" time="32.889" /><testcase classname="backend.tests.test_veo_elevenlabs_integration.TestVideoTasksList" name="test_get_video_tasks_list" time="0.165" /><testcase classname="backend.tests.test_veo_elevenlabs_integration.TestAssetsWithProviderInfo" name="test_assets_have_provider_info" time="1.690" /></testsuite></testsuites>