<?xml version="1.0" encoding="utf-8"?><testsuites name="pytest tests"><testsuite name="pytest" errors="0" failures="0" skipped="0" tests="42" time="17.940" timestamp="2026-02-18T08:08:40.914658+00:00" hostname="agent-env-2aacd7c6-307f-44cc-9e6b-65c86daaaabb"><testcase classname="tests.test_refactored_api.TestAuthEndpoints" name="test_login_client_success" time="0.365" /><testcase classname="tests.test_refactored_api.TestAuthEndpoints" name="test_login_admin_success" time="0.326" /><testcase classname="tests.test_refactored_api.TestAuthEndpoints" name="test_login_invalid_credentials" time="0.339" /><testcase classname="tests.test_refactored_api.TestAuthEndpoints" name="test_me_endpoint_requires_auth" time="0.107" /><testcase classname="tests.test_refactored_api.TestAuthEndpoints" name="test_me_endpoint_with_auth" time="0.455" /><testcase classname="tests.test_refactored_api.TestDashboardEndpoints" name="test_dashboard_overview_requires_auth" time="0.099" /><testcase classname="tests.test_refactored_api.TestDashboardEndpoints" name="test_dashboard_overview_returns_data" time="0.419" /><testcase classname="tests.test_refactored_api.TestDashboardEndpoints" name="test_dashboard_stats_returns_data" time="0.419" /><testcase classname="tests.test_refactored_api.TestSubmissionsEndpoints" name="test_submissions_list_requires_auth" time="0.119" /><testcase classname="tests.test_refactored_api.TestSubmissionsEndpoints" name="test_submissions_list_returns_array" time="0.436" /><testcase classname="tests.test_refactored_api.TestSubmissionsEndpoints" name="test_submissions_list_endpoint" time="0.427" /><testcase classname="tests.test_refactored_api.TestAssetsEndpoints" name="test_assets_requires_auth" time="0.101" /><testcase classname="tests.test_refactored_api.TestAssetsEndpoints" name="test_assets_returns_array" time="0.438" /><testcase classname="tests.test_refactored_api.TestAssetsEndpoints" name="test_assets_library_returns_enriched_data" time="0.430" /><testcase classname="tests.test_refactored_api.TestCalendarEndpoints" name="test_calendar_requires_auth" time="0.104" /><testcase classname="tests.test_refactored_api.TestCalendarEndpoints" name="test_calendar_returns_data" time="0.437" /><testcase classname="tests.test_refactored_api.TestDeliverablesEndpoints" name="test_deliverables_requires_auth" time="0.120" /><testcase classname="tests.test_refactored_api.TestDeliverablesEndpoints" name="test_deliverables_returns_array" time="0.476" /><testcase classname="tests.test_refactored_api.TestAnalyticsEndpoints" name="test_analytics_requires_auth" time="0.102" /><testcase classname="tests.test_refactored_api.TestAnalyticsEndpoints" name="test_analytics_returns_data" time="0.433" /><testcase classname="tests.test_refactored_api.TestAnalyticsEndpoints" name="test_analytics_with_range_param" time="0.733" /><testcase classname="tests.test_refactored_api.TestROIEndpoints" name="test_roi_requires_auth" time="0.095" /><testcase classname="tests.test_refactored_api.TestROIEndpoints" name="test_roi_returns_calculations" time="0.732" /><testcase classname="tests.test_refactored_api.TestBillingEndpoints" name="test_billing_dashboard_requires_auth" time="0.101" /><testcase classname="tests.test_refactored_api.TestBillingEndpoints" name="test_billing_dashboard_returns_plan_info" time="0.456" /><testcase classname="tests.test_refactored_api.TestSettingsEndpoints" name="test_settings_requires_auth" time="0.108" /><testcase classname="tests.test_refactored_api.TestSettingsEndpoints" name="test_settings_returns_data" time="0.428" /><testcase classname="tests.test_refactored_api.TestHelpEndpoints" name="test_help_articles_public" time="0.107" /><testcase classname="tests.test_refactored_api.TestHelpEndpoints" name="test_support_requests_requires_auth" time="0.100" /><testcase classname="tests.test_refactored_api.TestHelpEndpoints" name="test_support_requests_returns_array" time="0.428" /><testcase classname="tests.test_refactored_api.TestBlogEndpoints" name="test_blog_posts_public" time="0.102" /><testcase classname="tests.test_refactored_api.TestBlogEndpoints" name="test_blog_tags_public" time="0.134" /><testcase classname="tests.test_refactored_api.TestAIEndpoints" name="test_ai_capabilities_public" time="0.103" /><testcase classname="tests.test_refactored_api.TestAIEndpoints" name="test_ai_generate_requires_auth" time="0.103" /><testcase classname="tests.test_refactored_api.TestAIEndpoints" name="test_ai_generate_with_auth" time="5.537" /><testcase classname="tests.test_refactored_api.TestVideoTasksEndpoints" name="test_video_tasks_requires_auth" time="0.126" /><testcase classname="tests.test_refactored_api.TestVideoTasksEndpoints" name="test_video_tasks_returns_array" time="0.433" /><testcase classname="tests.test_refactored_api.TestFVSEndpoints" name="test_fvs_config_requires_auth" time="0.103" /><testcase classname="tests.test_refactored_api.TestFVSEndpoints" name="test_fvs_config_returns_data" time="0.438" /><testcase classname="tests.test_refactored_api.TestFVSEndpoints" name="test_fvs_ideas_returns_array" time="0.430" /><testcase classname="tests.test_refactored_api.TestFVSEndpoints" name="test_fvs_activity_returns_array" time="0.450" /><testcase classname="tests.test_refactored_api.TestFVSEndpoints" name="test_fvs_brain_snapshot_returns_data" time="0.422" /></testsuite></testsuites>