<?xml version="1.0" encoding="utf-8"?><testsuites name="pytest tests"><testsuite name="pytest" errors="0" failures="0" skipped="0" tests="7" time="2.862" timestamp="2026-02-19T06:47:25.260544+00:00" hostname="agent-env-d1b98dd1-60b3-495c-a136-41a8d63f0a23"><testcase classname="tests.test_strategy_session_sync.TestStrategySessionCRUD" name="test_create_strategy_session" time="0.655" /><testcase classname="tests.test_strategy_session_sync.TestStrategySessionCRUD" name="test_get_strategy_sessions_list" time="0.318" /><testcase classname="tests.test_strategy_session_sync.TestStrategySessionCRUD" name="test_patch_strategy_session_output" time="0.608" /><testcase classname="tests.test_strategy_session_sync.TestStrategySessionCRUD" name="test_get_single_session" time="0.372" /><testcase classname="tests.test_strategy_session_sync.TestStrategySessionCRUD" name="test_delete_session" time="0.342" /><testcase classname="tests.test_strategy_session_sync.TestStrategySessionCRUD" name="test_session_requires_auth" time="0.207" /><testcase classname="tests.test_strategy_session_sync.TestStrategySessionCRUD" name="test_session_with_submission_id" time="0.245" /></testsuite></testsuites>