<?xml version="1.0" encoding="utf-8"?><testsuites name="pytest tests"><testsuite name="pytest" errors="0" failures="1" skipped="0" tests="21" time="31.028" timestamp="2026-02-18T07:42:51.313175+00:00" hostname="agent-env-2aacd7c6-307f-44cc-9e6b-65c86daaaabb"><testcase classname="backend.tests.test_fvs_system.TestFvsAuth" name="test_fvs_config_requires_auth" time="0.174" /><testcase classname="backend.tests.test_fvs_system.TestFvsAuth" name="test_fvs_ideas_requires_auth" time="0.114" /><testcase classname="backend.tests.test_fvs_system.TestFvsAuth" name="test_fvs_brain_snapshot_requires_auth" time="0.098" /><testcase classname="backend.tests.test_fvs_system.TestFvsAuth" name="test_fvs_activity_requires_auth" time="0.100" /><testcase classname="backend.tests.test_fvs_system.TestFvsAuth" name="test_fvs_propose_ideas_requires_auth" time="0.109" /><testcase classname="backend.tests.test_fvs_system.TestFvsAuth" name="test_fvs_produce_episode_requires_auth" time="0.104" /><testcase classname="backend.tests.test_fvs_system.TestFvsConfig" name="test_get_fvs_config" time="0.530" /><testcase classname="backend.tests.test_fvs_system.TestFvsConfig" name="test_update_fvs_config_manual" time="0.483" /><testcase classname="backend.tests.test_fvs_system.TestFvsConfig" name="test_update_fvs_config_semi_auto" time="0.430" /><testcase classname="backend.tests.test_fvs_system.TestFvsConfig" name="test_update_fvs_config_full_auto" time="0.435" /><testcase classname="backend.tests.test_fvs_system.TestFvsConfig" name="test_update_fvs_config_invalid_level" time="0.444" /><testcase classname="backend.tests.test_fvs_system.TestFvsBrainSnapshot" name="test_get_brain_snapshot" time="0.464" /><testcase classname="backend.tests.test_fvs_system.TestFvsIdeas" name="test_get_fvs_ideas" time="0.429" /><testcase classname="backend.tests.test_fvs_system.TestFvsIdeas" name="test_get_fvs_ideas_filter_by_status" time="0.426" /><testcase classname="backend.tests.test_fvs_system.TestFvsActivity" name="test_get_fvs_activity" time="0.422" /><testcase classname="backend.tests.test_fvs_system.TestFvsProposeIdeas" name="test_propose_ideas_short_format" time="9.113" /><testcase classname="backend.tests.test_fvs_system.TestFvsProduceEpisode" name="test_produce_episode_creates_submission_and_assets" time="15.098"><failure message="AssertionError: assert 'scriptText' in {'clientId': 'demo-client-1', 'createdAt': '2026-02-18T07:43:05.832464+00:00', 'fvsIdeaId': '46ea082b-5ef7-4031-96e9-f5039b81ef47', 'id': '428fef04-5254-4632-8505-13d13aaf8534', ...}">backend/tests/test_fvs_system.py:328: in test_produce_episode_creates_submission_and_assets
    assert "scriptText" in script
E   AssertionError: assert 'scriptText' in {'clientId': 'demo-client-1', 'createdAt': '2026-02-18T07:43:05.832464+00:00', 'fvsIdeaId': '46ea082b-5ef7-4031-96e9-f5039b81ef47', 'id': '428fef04-5254-4632-8505-13d13aaf8534', ...}</failure></testcase><testcase classname="backend.tests.test_fvs_system.TestFvsProduceEpisode" name="test_produce_episode_invalid_idea" time="0.476" /><testcase classname="backend.tests.test_fvs_system.TestFvsIdeaStatusUpdate" name="test_reject_idea" time="0.549" /><testcase classname="backend.tests.test_fvs_system.TestFvsIntegration" name="test_fvs_submission_appears_in_submissions_list" time="0.474" /><testcase classname="backend.tests.test_fvs_system.TestFvsIntegration" name="test_fvs_assets_appear_in_assets_list" time="0.446" /></testsuite></testsuites>