<?xml version="1.0" encoding="utf-8"?><testsuites name="pytest tests"><testsuite name="pytest" errors="0" failures="0" skipped="0" tests="13" time="4.437" timestamp="2026-02-20T07:16:09.632464+00:00" hostname="agent-env-0e8528e4-773f-45c7-931f-612e1e1988ba"><testcase classname="backend.tests.test_sprint12_brain_admin.TestBrainFeedbackLoop" name="test_get_brain_scores" time="0.603" /><testcase classname="backend.tests.test_sprint12_brain_admin.TestBrainFeedbackLoop" name="test_get_accuracy_trend" time="0.106" /><testcase classname="backend.tests.test_sprint12_brain_admin.TestBrainFeedbackLoop" name="test_get_leaderboard" time="0.112" /><testcase classname="backend.tests.test_sprint12_brain_admin.TestAdminMultiChannelOnboarding" name="test_get_admin_clients_with_sprint12_columns" time="0.510" /><testcase classname="backend.tests.test_sprint12_brain_admin.TestAdminMultiChannelOnboarding" name="test_admin_create_client" time="0.359" /><testcase classname="backend.tests.test_sprint12_brain_admin.TestAdminMultiChannelOnboarding" name="test_admin_client_list_shows_new_client" time="0.481" /><testcase classname="backend.tests.test_sprint12_brain_admin.TestSubmissionWithBrainTracking" name="test_create_submission_with_recommendation_id" time="0.098" /><testcase classname="backend.tests.test_sprint12_brain_admin.TestSubmissionWithBrainTracking" name="test_create_submission_without_recommendation_id" time="0.110" /><testcase classname="backend.tests.test_sprint12_brain_admin.TestIdentityFix" name="test_dashboard_overview_greeting" time="0.134" /><testcase classname="backend.tests.test_sprint12_brain_admin.TestIdentityFix" name="test_admin_impersonate_returns_client_name" time="0.274" /><testcase classname="backend.tests.test_sprint12_brain_admin.TestAdminEndpoints" name="test_admin_get_client_summary" time="0.246" /><testcase classname="backend.tests.test_sprint12_brain_admin.TestAdminEndpoints" name="test_admin_update_client" time="0.595" /><testcase classname="backend.tests.test_sprint12_brain_admin.TestAdminEndpoints" name="test_admin_deactivate_client" time="0.756" /></testsuite></testsuites>