<?xml version="1.0" encoding="utf-8"?><testsuites name="pytest tests"><testsuite name="pytest" errors="0" failures="0" skipped="0" tests="16" time="3.060" timestamp="2026-02-20T06:43:58.444564+00:00" hostname="agent-env-601113a3-1bbf-4267-ab47-a2253340a8ff"><testcase classname="backend.tests.test_sprint10_features.TestFvsSystemRecommendations" name="test_trends_recommendations_endpoint" time="0.972" /><testcase classname="backend.tests.test_sprint10_features.TestFvsSystemRecommendations" name="test_trends_competitors_endpoint" time="0.143" /><testcase classname="backend.tests.test_sprint10_features.TestFvsSystemRecommendations" name="test_trends_scan_status" time="0.102" /><testcase classname="backend.tests.test_sprint10_features.TestAnalyticsTrendIntelligence" name="test_analytics_overview" time="0.153" /><testcase classname="backend.tests.test_sprint10_features.TestAnalyticsTrendIntelligence" name="test_analytics_videos" time="0.141" /><testcase classname="backend.tests.test_sprint10_features.TestAnalyticsTrendIntelligence" name="test_analytics_top_performers" time="0.137" /><testcase classname="backend.tests.test_sprint10_features.TestROICenterCPM" name="test_roi_dashboard" time="0.124" /><testcase classname="backend.tests.test_sprint10_features.TestBlogChanakyaArticles" name="test_blog_posts_count" time="0.107" /><testcase classname="backend.tests.test_sprint10_features.TestBlogChanakyaArticles" name="test_blog_tags" time="0.126" /><testcase classname="backend.tests.test_sprint10_features.TestHelpPageNoError" name="test_help_articles" time="0.124" /><testcase classname="backend.tests.test_sprint10_features.TestHelpPageNoError" name="test_help_support" time="0.104" /><testcase classname="backend.tests.test_sprint10_features.TestStrategyLabTone" name="test_channel_profile_endpoint" time="0.124" /><testcase classname="backend.tests.test_sprint10_features.TestStrategyLabTone" name="test_settings_endpoint" time="0.119" /><testcase classname="backend.tests.test_sprint10_features.TestAssetsLibrary" name="test_assets_library" time="0.143" /><testcase classname="backend.tests.test_sprint10_features.TestNavigationChanges" name="test_submissions_endpoint" time="0.119" /><testcase classname="backend.tests.test_sprint10_features.TestDashboardOverview" name="test_dashboard_overview" time="0.149" /></testsuite></testsuites>