<?xml version="1.0" encoding="utf-8"?><testsuites name="pytest tests"><testsuite name="pytest" errors="0" failures="0" skipped="0" tests="17" time="5.176" timestamp="2026-02-19T02:41:54.594531+00:00" hostname="agent-env-02f8b953-27d0-4347-aba0-868439b6d8d8"><testcase classname="tests.test_publishing_api.TestPublishingAPI" name="test_list_platform_connections" time="0.597" /><testcase classname="tests.test_publishing_api.TestPublishingAPI" name="test_connect_platform_youtube" time="0.229" /><testcase classname="tests.test_publishing_api.TestPublishingAPI" name="test_connect_platform_tiktok" time="0.138" /><testcase classname="tests.test_publishing_api.TestPublishingAPI" name="test_connect_platform_instagram" time="0.124" /><testcase classname="tests.test_publishing_api.TestPublishingAPI" name="test_disconnect_and_reconnect_platform" time="0.431" /><testcase classname="tests.test_publishing_api.TestPublishingAPI" name="test_create_publishing_task" time="0.526" /><testcase classname="tests.test_publishing_api.TestPublishingAPI" name="test_list_publishing_tasks" time="0.115" /><testcase classname="tests.test_publishing_api.TestPublishingAPI" name="test_list_publishing_tasks_with_filters" time="0.252" /><testcase classname="tests.test_publishing_api.TestPublishingAPI" name="test_update_publishing_task" time="0.366" /><testcase classname="tests.test_publishing_api.TestPublishingAPI" name="test_delete_publishing_task" time="0.640" /><testcase classname="tests.test_publishing_api.TestPublishingAPI" name="test_post_now" time="0.297" /><testcase classname="tests.test_publishing_api.TestPublishingAPI" name="test_create_and_post" time="0.257" /><testcase classname="tests.test_publishing_api.TestPublishingAPI" name="test_get_publishing_stats" time="0.125" /><testcase classname="tests.test_publishing_api.TestPublishingAPI" name="test_unauthorized_access" time="0.346" /><testcase classname="tests.test_publishing_api.TestPublishingAPI" name="test_invalid_platform" time="0.120" /><testcase classname="tests.test_publishing_api.TestPublishingAPI" name="test_create_task_without_connection" time="0.353" /><testcase classname="tests.test_publishing_api.TestPublishingAPI" name="test_create_task_invalid_submission" time="0.115" /></testsuite></testsuites>